<?xml version="1.0" encoding="UTF-8"?>
<testsuite xmlns:xsi="http://www.w3.org/2001/XMLSchema-instance" xsi:noNamespaceSchemaLocation="https://maven.apache.org/surefire/maven-surefire-plugin/xsd/surefire-test-report.xsd" name="com.mycompany.app.AppTest" time="0.005" tests="1" errors="0" skipped="0" failures="0">
  <properties>
    <property name="java.specification.version" value="22"/>
    <property name="sun.jnu.encoding" value="UTF-8"/>
    <property name="java.class.path" value="/Users/mahanvali/Documents/discord/my-app/target/test-classes:/Users/mahanvali/Documents/discord/my-app/target/classes:/Users/mahanvali/.m2/repository/junit/junit/4.11/junit-4.11.jar:/Users/mahanvali/.m2/repository/org/hamcrest/hamcrest-core/1.3/hamcrest-core-1.3.jar:/Users/mahanvali/.m2/repository/net/dv8tion/JDA/5.0.1/JDA-5.0.1.jar:/Users/mahanvali/.m2/repository/org/slf4j/slf4j-api/2.0.13/slf4j-api-2.0.13.jar:/Users/mahanvali/.m2/repository/com/neovisionaries/nv-websocket-client/2.14/nv-websocket-client-2.14.jar:/Users/mahanvali/.m2/repository/com/squareup/okhttp3/okhttp/4.12.0/okhttp-4.12.0.jar:/Users/mahanvali/.m2/repository/com/squareup/okio/okio/3.6.0/okio-3.6.0.jar:/Users/mahanvali/.m2/repository/com/squareup/okio/okio-jvm/3.6.0/okio-jvm-3.6.0.jar:/Users/mahanvali/.m2/repository/org/jetbrains/kotlin/kotlin-stdlib-common/1.9.10/kotlin-stdlib-common-1.9.10.jar:/Users/mahanvali/.m2/repository/org/jetbrains/kotlin/kotlin-stdlib-jdk8/1.8.21/kotlin-stdlib-jdk8-1.8.21.jar:/Users/mahanvali/.m2/repository/org/jetbrains/kotlin/kotlin-stdlib/1.8.21/kotlin-stdlib-1.8.21.jar:/Users/mahanvali/.m2/repository/org/jetbrains/annotations/13.0/annotations-13.0.jar:/Users/mahanvali/.m2/repository/org/jetbrains/kotlin/kotlin-stdlib-jdk7/1.8.21/kotlin-stdlib-jdk7-1.8.21.jar:/Users/mahanvali/.m2/repository/club/minnced/opus-java/1.1.1/opus-java-1.1.1.jar:/Users/mahanvali/.m2/repository/club/minnced/opus-java-api/1.1.1/opus-java-api-1.1.1.jar:/Users/mahanvali/.m2/repository/net/java/dev/jna/jna/4.4.0/jna-4.4.0.jar:/Users/mahanvali/.m2/repository/club/minnced/opus-java-natives/1.1.1/opus-java-natives-1.1.1.jar:/Users/mahanvali/.m2/repository/org/apache/commons/commons-collections4/4.4/commons-collections4-4.4.jar:/Users/mahanvali/.m2/repository/net/sf/trove4j/core/3.1.0/core-3.1.0.jar:/Users/mahanvali/.m2/repository/com/fasterxml/jackson/core/jackson-core/2.17.0/jackson-core-2.17.0.jar:/Users/mahanvali/.m2/repository/com/fasterxml/jackson/core/jackson-databind/2.17.0/jackson-databind-2.17.0.jar:/Users/mahanvali/.m2/repository/com/fasterxml/jackson/core/jackson-annotations/2.17.0/jackson-annotations-2.17.0.jar:/Users/mahanvali/.m2/repository/net/bytebuddy/byte-buddy/1.14.9/byte-buddy-1.14.9.jar:"/>
    <property name="java.vm.vendor" value="Homebrew"/>
    <property name="sun.arch.data.model" value="64"/>
    <property name="java.vendor.url" value="https://github.com/Homebrew/homebrew-core/issues"/>
    <property name="os.name" value="Mac OS X"/>
    <property name="java.vm.specification.version" value="22"/>
    <property name="sun.java.launcher" value="SUN_STANDARD"/>
    <property name="user.country" value="US"/>
    <property name="sun.boot.library.path" value="/usr/local/Cellar/openjdk/22.0.2/libexec/openjdk.jdk/Contents/Home/lib"/>
    <property name="sun.java.command" value="/Users/mahanvali/Documents/discord/my-app/target/surefire/surefirebooter5394916612498821875.jar /Users/mahanvali/Documents/discord/my-app/target/surefire 2024-07-26T13-02-45_152-jvmRun1 surefire12422229691974206557tmp surefire_013607562138772754469tmp"/>
    <property name="http.nonProxyHosts" value="local|*.local|169.254/16|*.169.254/16"/>
    <property name="jdk.debug" value="release"/>
    <property name="surefire.test.class.path" value="/Users/mahanvali/Documents/discord/my-app/target/test-classes:/Users/mahanvali/Documents/discord/my-app/target/classes:/Users/mahanvali/.m2/repository/junit/junit/4.11/junit-4.11.jar:/Users/mahanvali/.m2/repository/org/hamcrest/hamcrest-core/1.3/hamcrest-core-1.3.jar:/Users/mahanvali/.m2/repository/net/dv8tion/JDA/5.0.1/JDA-5.0.1.jar:/Users/mahanvali/.m2/repository/org/slf4j/slf4j-api/2.0.13/slf4j-api-2.0.13.jar:/Users/mahanvali/.m2/repository/com/neovisionaries/nv-websocket-client/2.14/nv-websocket-client-2.14.jar:/Users/mahanvali/.m2/repository/com/squareup/okhttp3/okhttp/4.12.0/okhttp-4.12.0.jar:/Users/mahanvali/.m2/repository/com/squareup/okio/okio/3.6.0/okio-3.6.0.jar:/Users/mahanvali/.m2/repository/com/squareup/okio/okio-jvm/3.6.0/okio-jvm-3.6.0.jar:/Users/mahanvali/.m2/repository/org/jetbrains/kotlin/kotlin-stdlib-common/1.9.10/kotlin-stdlib-common-1.9.10.jar:/Users/mahanvali/.m2/repository/org/jetbrains/kotlin/kotlin-stdlib-jdk8/1.8.21/kotlin-stdlib-jdk8-1.8.21.jar:/Users/mahanvali/.m2/repository/org/jetbrains/kotlin/kotlin-stdlib/1.8.21/kotlin-stdlib-1.8.21.jar:/Users/mahanvali/.m2/repository/org/jetbrains/annotations/13.0/annotations-13.0.jar:/Users/mahanvali/.m2/repository/org/jetbrains/kotlin/kotlin-stdlib-jdk7/1.8.21/kotlin-stdlib-jdk7-1.8.21.jar:/Users/mahanvali/.m2/repository/club/minnced/opus-java/1.1.1/opus-java-1.1.1.jar:/Users/mahanvali/.m2/repository/club/minnced/opus-java-api/1.1.1/opus-java-api-1.1.1.jar:/Users/mahanvali/.m2/repository/net/java/dev/jna/jna/4.4.0/jna-4.4.0.jar:/Users/mahanvali/.m2/repository/club/minnced/opus-java-natives/1.1.1/opus-java-natives-1.1.1.jar:/Users/mahanvali/.m2/repository/org/apache/commons/commons-collections4/4.4/commons-collections4-4.4.jar:/Users/mahanvali/.m2/repository/net/sf/trove4j/core/3.1.0/core-3.1.0.jar:/Users/mahanvali/.m2/repository/com/fasterxml/jackson/core/jackson-core/2.17.0/jackson-core-2.17.0.jar:/Users/mahanvali/.m2/repository/com/fasterxml/jackson/core/jackson-databind/2.17.0/jackson-databind-2.17.0.jar:/Users/mahanvali/.m2/repository/com/fasterxml/jackson/core/jackson-annotations/2.17.0/jackson-annotations-2.17.0.jar:/Users/mahanvali/.m2/repository/net/bytebuddy/byte-buddy/1.14.9/byte-buddy-1.14.9.jar:"/>
    <property name="sun.cpu.endian" value="little"/>
    <property name="user.home" value="/Users/mahanvali"/>
    <property name="user.language" value="en"/>
    <property name="java.specification.vendor" value="Oracle Corporation"/>
    <property name="java.version.date" value="2024-07-16"/>
    <property name="java.home" value="/usr/local/Cellar/openjdk/22.0.2/libexec/openjdk.jdk/Contents/Home"/>
    <property name="file.separator" value="/"/>
    <property name="basedir" value="/Users/mahanvali/Documents/discord/my-app"/>
    <property name="java.vm.compressedOopsMode" value="Zero based"/>
    <property name="line.separator" value="&#10;"/>
    <property name="java.vm.specification.vendor" value="Oracle Corporation"/>
    <property name="java.specification.name" value="Java Platform API Specification"/>
    <property name="apple.awt.application.name" value="ForkedBooter"/>
    <property name="surefire.real.class.path" value="/Users/mahanvali/Documents/discord/my-app/target/surefire/surefirebooter5394916612498821875.jar"/>
    <property name="sun.management.compiler" value="HotSpot 64-Bit Tiered Compilers"/>
    <property name="ftp.nonProxyHosts" value="local|*.local|169.254/16|*.169.254/16"/>
    <property name="java.runtime.version" value="22.0.2"/>
    <property name="user.name" value="mahanvali"/>
    <property name="stdout.encoding" value="UTF-8"/>
    <property name="path.separator" value=":"/>
    <property name="os.version" value="12.7.3"/>
    <property name="java.runtime.name" value="OpenJDK Runtime Environment"/>
    <property name="file.encoding" value="UTF-8"/>
    <property name="java.vm.name" value="OpenJDK 64-Bit Server VM"/>
    <property name="java.vendor.version" value="Homebrew"/>
    <property name="localRepository" value="/Users/mahanvali/.m2/repository"/>
    <property name="java.vendor.url.bug" value="https://github.com/Homebrew/homebrew-core/issues"/>
    <property name="java.io.tmpdir" value="/var/folders/q5/cjb9x04s1sq0tv7y485pdh5h0000gn/T/"/>
    <property name="java.version" value="22.0.2"/>
    <property name="user.dir" value="/Users/mahanvali/Documents/discord/my-app"/>
    <property name="os.arch" value="x86_64"/>
    <property name="java.vm.specification.name" value="Java Virtual Machine Specification"/>
    <property name="native.encoding" value="UTF-8"/>
    <property name="java.library.path" value="/Users/mahanvali/Library/Java/Extensions:/Library/Java/Extensions:/Network/Library/Java/Extensions:/System/Library/Java/Extensions:/usr/lib/java:."/>
    <property name="java.vm.info" value="mixed mode, sharing"/>
    <property name="stderr.encoding" value="UTF-8"/>
    <property name="java.vendor" value="Homebrew"/>
    <property name="java.vm.version" value="22.0.2"/>
    <property name="sun.io.unicode.encoding" value="UnicodeBig"/>
    <property name="socksNonProxyHosts" value="local|*.local|169.254/16|*.169.254/16"/>
    <property name="java.class.version" value="66.0"/>
  </properties>
  <testcase name="shouldAnswerWithTrue" classname="com.mycompany.app.AppTest" time="0.001"/>
</testsuite>